[2024-12-24T00:54:01.255376+00:00] aplicacion.ERROR: No se encontró la clase: SamarioPHP\Controladores\AutenticacionControlador, ruta esperada: Controladores/AutenticacionControlador.php [] []
[2024-12-24T00:55:03.977017+00:00] aplicacion.ERROR: No se encontró la clase: SamarioPHP\Aplicacion\Controladores\Controlador, ruta esperada: /home/c0g3num3r0/public_html/app/samariophp/sistema/ayudas/Controlador.php [] []
[2024-12-24T01:00:14.059855+00:00] aplicacion.ERROR: No se encontró la clase: SamarioPHP\Controladores\AutenticacionControlador, ruta esperada: SamarioPHP/Controladores/AutenticacionControlador.php [] []
[2024-12-24T01:21:44.450927+00:00] aplicacion.ERROR: No se encontró la clase: Slim\Http\Request, ruta esperada: Slim/Http/Request.php [] []
[2024-12-24T03:28:42.214346+00:00] aplicacion.ERROR: No se encontró la clase: PHPMailer, ruta esperada: PHPMailer.php [] []
[2024-12-24T05:23:26.983764+00:00] aplicacion.ERROR: No se encontró la clase: GxestorHTTP, ruta esperada: GxestorHTTP.php [] []
[2024-12-24T05:59:54.316941+00:00] aplicacion.ERROR: No se encontró la clase: PHPMailer, ruta esperada: PHPMailer.php [] []
[2024-12-24T06:13:10.242014+00:00] aplicacion.ERROR: No se encontró la clase: SamarioPHP\Middleware\MiddlewareInterface, ruta esperada: SamarioPHP/Middleware/MiddlewareInterface.php [] []
[2024-12-24T06:15:09.699378+00:00] aplicacion.ERROR: No se encontró la clase: Slim\MiddlewareInterface, ruta esperada: Slim/MiddlewareInterface.php [] []
[2024-12-24T06:15:12.968029+00:00] aplicacion.ERROR: No se encontró la clase: Slim\MiddlewareInterface, ruta esperada: Slim/MiddlewareInterface.php [] []
[2025-01-06T09:24:53.846087+00:00] aplicacion.ERROR: No se encontró la clase: SamarioPHP\Middleware\MiddlewareGestorHTTP, ruta esperada: SamarioPHP/Middleware/MiddlewareGestorHTTP.php [] []
[2025-01-06T21:50:57.521907+00:00] aplicacion.ERROR: No se encontró la clase: SamarioPHP\Middleware\MiddlewareGestorHTTP, ruta esperada: SamarioPHP/Middleware/MiddlewareGestorHTTP.php [] []
[2025-01-07T17:55:57.575724+00:00] aplicacion.ERROR: No se encontró la clase: SamarioPHP\Middleware\MiddlewareGestorHTTP, ruta esperada: SamarioPHP/Middleware/MiddlewareGestorHTTP.php [] []
[2025-01-10T05:26:27.864753+00:00] aplicacion.ERROR: No se encontró la clase: SamarioPHP\Middleware\MiddlewareGestorHTTP, ruta esperada: SamarioPHP/Middleware/MiddlewareGestorHTTP.php [] []
[2025-01-10T05:26:29.187335+00:00] aplicacion.ERROR: No se encontró la clase: SamarioPHP\Middleware\MiddlewareGestorHTTP, ruta esperada: SamarioPHP/Middleware/MiddlewareGestorHTTP.php [] []
[2025-01-10T10:25:19.145874+00:00] aplicacion.ERROR: No se encontró la clase: SamarioPHP\Middleware\MiddlewareGestorHTTP, ruta esperada: SamarioPHP/Middleware/MiddlewareGestorHTTP.php [] []
[2025-01-12T04:17:00.243884+00:00] aplicacion.ERROR: No se encontró la clase: SamarioPHP\Middleware\MiddlewareGestorHTTP, ruta esperada: SamarioPHP/Middleware/MiddlewareGestorHTTP.php [] []
[2025-01-12T08:01:32.091047+00:00] aplicacion.ERROR: No se encontró la clase: SamarioPHP\Middleware\MiddlewareGestorHTTP, ruta esperada: SamarioPHP/Middleware/MiddlewareGestorHTTP.php [] []
[2025-01-12T13:28:32.874103+00:00] aplicacion.ERROR: No se encontró la clase: SamarioPHP\Middleware\MiddlewareGestorHTTP, ruta esperada: SamarioPHP/Middleware/MiddlewareGestorHTTP.php [] []
[2025-01-13T00:09:43.954933+00:00] aplicacion.ERROR: No se encontró la clase: SamarioPHP\Middleware\MiddlewareGestorHTTP, ruta esperada: SamarioPHP/Middleware/MiddlewareGestorHTTP.php [] []
[2025-01-13T00:09:54.029305+00:00] aplicacion.ERROR: No se encontró la clase: SamarioPHP\Middleware\MiddlewareGestorHTTP, ruta esperada: SamarioPHP/Middleware/MiddlewareGestorHTTP.php [] []
[2025-01-13T00:27:30.799852+00:00] aplicacion.ERROR: No se encontró la clase: SamarioPHP\Middleware\MiddlewareGestorHTTP, ruta esperada: SamarioPHP/Middleware/MiddlewareGestorHTTP.php [] []
[2025-01-13T00:28:03.057698+00:00] aplicacion.ERROR: No se encontró la clase: PHPAuth\Config, ruta esperada: PHPAuth/Config.php [] []
[2025-01-13T03:10:42.806242+00:00] aplicacion.ERROR: No se encontró la clase: SamarioPHP\Aplicacion\Modelos\Usuario, ruta esperada: SamarioPHP/Aplicacion/Modelos/Usuario.php [] []
[2025-01-13T03:12:12.736197+00:00] aplicacion.ERROR: No se encontró la clase: SamarioPHP\Aplicacion\Modelos\Usuario, ruta esperada: SamarioPHP/Aplicacion/Modelos/Usuario.php [] []
[2025-01-13T03:12:51.188580+00:00] aplicacion.ERROR: No se encontró la clase: SamarioPHP\Aplicacion\Modelos\Usuario, ruta esperada: SamarioPHP/Aplicacion/Modelos/Usuario.php [] []
[2025-01-13T03:12:54.196810+00:00] aplicacion.ERROR: No se encontró la clase: SamarioPHP\Aplicacion\Modelos\Usuario, ruta esperada: SamarioPHP/Aplicacion/Modelos/Usuario.php [] []
[2025-01-13T03:13:18.705889+00:00] aplicacion.ERROR: No se encontró la clase: SamarioPHP\Aplicacion\Servicios\Usuario, ruta esperada: SamarioPHP/Aplicacion/Servicios/Usuario.php [] []
[2025-01-13T15:22:37.627540+00:00] aplicacion.ERROR: No se encontró la clase: PHPMailer, ruta esperada: PHPMailer.php [] []
[2025-01-13T15:23:22.496443+00:00] aplicacion.ERROR: No se encontró la clase: PHPMailer, ruta esperada: PHPMailer.php [] []
[2025-01-15T03:13:54.093370+00:00] aplicacion.ERROR: No se encontró la clase: Perfil, ruta esperada: Perfil.php [] []
[2025-01-15T03:20:02.308250+00:00] aplicacion.ERROR: No se encontró la clase: SamarioPHP\Aplicacion\Modelos\ReflectionClass, ruta esperada: SamarioPHP/Aplicacion/Modelos/ReflectionClass.php [] []
[2025-01-15T03:31:43.287780+00:00] aplicacion.ERROR: No se encontró la clase: Perfil, ruta esperada: Perfil.php [] []
[2025-01-15T03:32:12.976888+00:00] aplicacion.ERROR: No se encontró la clase: Perfil, ruta esperada: Perfil.php [] []
[2025-01-15T03:32:18.538999+00:00] aplicacion.ERROR: No se encontró la clase: Perfil, ruta esperada: Perfil.php [] []
[2025-01-22T02:11:55.860290+00:00] aplicacion.ERROR: No se encontró la clase: Conexion, ruta esperada: Conexion.php [] []
[2025-01-22T02:55:22.972378+00:00] aplicacion.ERROR: No se encontró la clase: SamarioPHP\Aplicacion\Controladores\AutenticacionControlador, ruta esperada: SamarioPHP/Aplicacion/Controladores/AutenticacionControlador.php [] []
[2025-01-22T02:56:41.946313+00:00] aplicacion.ERROR: No se encontró la clase: SamarioPHP\Aplicacion\Autenticacion\Controladores\AutenticacionControlador, ruta esperada: SamarioPHP/Aplicacion/Autenticacion/Controladores/AutenticacionControlador.php [] []
[2025-01-22T02:57:40.538740+00:00] aplicacion.ERROR: No se encontró la clase: SamarioPHP\Aplicacion\Autenticacion\Controladores\AutenticacionControlador, ruta esperada: SamarioPHP/Aplicacion/Autenticacion/Controladores/AutenticacionControlador.php [] []
[2025-01-22T03:00:37.855278+00:00] aplicacion.ERROR: No se encontró la clase: SamarioPHP\Aplicacion\Autenticacion\Controladores\AutenticacionControlador, ruta esperada: SamarioPHP/Aplicacion/Autenticacion/Controladores/AutenticacionControlador.php [] []
[2025-01-22T03:02:02.120799+00:00] aplicacion.ERROR: No se encontró la clase: SamarioPHP\Aplicacion\Autenticacion\Controladores\AutenticacionControlador, ruta esperada: SamarioPHP/Aplicacion/Autenticacion/Controladores/AutenticacionControlador.php [] []
[2025-01-22T03:02:09.753079+00:00] aplicacion.ERROR: No se encontró la clase: SamarioPHP\Aplicacion\Autenticacion\Controladores\AutenticacionControlador, ruta esperada: SamarioPHP/Aplicacion/Autenticacion/Controladores/AutenticacionControlador.php [] []
[2025-01-22T03:02:11.820252+00:00] aplicacion.ERROR: No se encontró la clase: SamarioPHP\Aplicacion\Autenticacion\Controladores\AutenticacionControlador, ruta esperada: SamarioPHP/Aplicacion/Autenticacion/Controladores/AutenticacionControlador.php [] []
[2025-01-22T03:02:12.528348+00:00] aplicacion.ERROR: No se encontró la clase: SamarioPHP\Aplicacion\Autenticacion\Controladores\AutenticacionControlador, ruta esperada: SamarioPHP/Aplicacion/Autenticacion/Controladores/AutenticacionControlador.php [] []
[2025-01-22T03:02:12.924866+00:00] aplicacion.ERROR: No se encontró la clase: SamarioPHP\Aplicacion\Autenticacion\Controladores\AutenticacionControlador, ruta esperada: SamarioPHP/Aplicacion/Autenticacion/Controladores/AutenticacionControlador.php [] []
[2025-01-22T03:02:55.687102+00:00] aplicacion.ERROR: No se encontró la clase: SamarioPHP\Aplicacion\Controladores\AutenticacionControlador, ruta esperada: SamarioPHP/Aplicacion/Controladores/AutenticacionControlador.php [] []
[2025-01-22T03:03:24.188655+00:00] aplicacion.ERROR: No se encontró la clase: SamarioPHP\Aplicacion\Controladores\AutenticacionControlador, ruta esperada: SamarioPHP/Aplicacion/Controladores/AutenticacionControlador.php [] []
[2025-01-22T03:05:05.553391+00:00] aplicacion.ERROR: No se encontró la clase: SamarioPHP\Aplicacion\Controladores\AutenticacionControlador, ruta esperada: SamarioPHP/Aplicacion/Controladores/AutenticacionControlador.php [] []
[2025-01-22T03:06:39.220438+00:00] aplicacion.ERROR: No se encontró la clase: SamarioPHP\Aplicacion\Autenticacion\Controladores\AutenticacionControlador, ruta esperada: SamarioPHP/Aplicacion/Autenticacion/Controladores/AutenticacionControlador.php [] []
[2025-01-22T03:07:20.940030+00:00] aplicacion.ERROR: No se encontró la clase: SamarioPHP\Aplicacion\Autenticacion\Controladores\AutenticacionControlador, ruta esperada: SamarioPHP/Aplicacion/Autenticacion/Controladores/AutenticacionControlador.php [] []
[2025-01-22T03:10:49.031062+00:00] aplicacion.ERROR: No se encontró la clase: SamarioPHP\Aplicacion\Autenticacion\Controladores\AutenticacionControlador, ruta esperada: SamarioPHP/Aplicacion/Autenticacion/Controladores/AutenticacionControlador.php [] []
[2025-01-22T03:11:18.718351+00:00] aplicacion.ERROR: No se encontró la clase: SamarioPHP\BaseDeDatos\BaseDatos, ruta esperada: SamarioPHP/BaseDeDatos/BaseDatos.php [] []
[2025-01-22T03:12:35.813619+00:00] aplicacion.ERROR: No se encontró la clase: SamarioPHP\BaseDeDatos\BaseDatos, ruta esperada: SamarioPHP/BaseDeDatos/BaseDatos.php [] []
[2025-01-22T03:12:53.309946+00:00] aplicacion.ERROR: No se encontró la clase: SamarioPHP\BaseDeDatos\BaseDatos, ruta esperada: SamarioPHP/BaseDeDatos/BaseDatos.php [] []
[2025-01-22T03:13:27.048028+00:00] aplicacion.ERROR: No se encontró la clase: SamarioPHP\Basededatos\BaseDatos, ruta esperada: SamarioPHP/Basededatos/BaseDatos.php [] []
[2025-01-22T03:14:10.536200+00:00] aplicacion.ERROR: No se encontró la clase: SamarioPHP\Basededatos\BaseDatos, ruta esperada: SamarioPHP/Basededatos/BaseDatos.php [] []
[2025-01-22T03:15:38.788036+00:00] aplicacion.ERROR: No se encontró la clase: SamarioPHP\Aplicacion\Autenticacion\Controladores\AutenticacionControlador, ruta esperada: SamarioPHP/Aplicacion/Autenticacion/Controladores/AutenticacionControlador.php [] []
[2025-01-22T03:17:17.521372+00:00] aplicacion.ERROR: No se encontró la clase: SamarioPHP\Aplicacion\Autenticacion\Controladores\AutenticacionControlador, ruta esperada: SamarioPHP/Aplicacion/Autenticacion/Controladores/AutenticacionControlador.php [] []
[2025-01-22T03:18:10.077792+00:00] aplicacion.ERROR: No se encontró la clase: SamarioPHP\Aplicacion\Autenticacion\AutenticacionControlador, ruta esperada: SamarioPHP/Aplicacion/Autenticacion/AutenticacionControlador.php [] []
[2025-01-22T03:19:00.215914+00:00] aplicacion.ERROR: No se encontró la clase: SamarioPHP\Aplicacion\Autenticacion\AutenticacionControlador, ruta esperada: SamarioPHP/Aplicacion/Autenticacion/AutenticacionControlador.php [] []
[2025-01-22T03:19:29.962536+00:00] aplicacion.ERROR: No se encontró la clase: SamarioPHP\Aplicacion\Autenticacion\AutenticacionControlador, ruta esperada: SamarioPHP/Aplicacion/Autenticacion/AutenticacionControlador.php [] []
[2025-01-22T03:19:33.352848+00:00] aplicacion.ERROR: No se encontró la clase: SamarioPHP\Aplicacion\Autenticacion\AutenticacionControlador, ruta esperada: SamarioPHP/Aplicacion/Autenticacion/AutenticacionControlador.php [] []
[2025-01-22T03:21:37.957582+00:00] aplicacion.ERROR: No se encontró la clase: SamarioPHP\Aplicacion\Controladores\AutenticacionControlador, ruta esperada: SamarioPHP/Aplicacion/Controladores/AutenticacionControlador.php [] []
